<?xml version="1.0" encoding="UTF-8"?>
<!-- Generated by org.testng.reporters.JUnitXMLReporter -->
<testsuite ignored="2" hostname="DESKTOP-OPMIS4N" failures="0" tests="2" name="ExcludeUse" time="0.14" errors="0" timestamp="2022-06-23T22:43:04 IST">
  <testcase classname="includeUse.Pooja" name="a" time="0.016"/>
  <testcase classname="includeUse.Pooja" name="c" time="0.003"/>
  <testcase classname="includeUse.Pooja" name="f" time="0.0">
    <ignored/>
  </testcase> <!-- f -->
  <testcase classname="includeUse.Pooja" name="d" time="0.0">
    <ignored/>
  </testcase> <!-- d -->
</testsuite> <!-- ExcludeUse -->
