<?xml version="1.0" encoding="UTF-8"?>
<!-- Generated by org.testng.reporters.JUnitXMLReporter -->
<testsuite ignored="3" hostname="DESKTOP-OPMIS4N" failures="0" tests="1" name="MyTestClass" time="0.095" errors="0" timestamp="2022-06-23T22:25:58 IST">
  <testcase classname="includeUse.varsha" name="d" time="0.012"/>
  <testcase classname="includeUse.varsha" name="f" time="0.0">
    <ignored/>
  </testcase> <!-- f -->
  <testcase classname="includeUse.varsha" name="c" time="0.0">
    <ignored/>
  </testcase> <!-- c -->
  <testcase classname="includeUse.varsha" name="a" time="0.0">
    <ignored/>
  </testcase> <!-- a -->
</testsuite> <!-- MyTestClass -->
