<?xml version="1.0" encoding="UTF-8"?>
<!-- Generated by org.testng.reporters.JUnitXMLReporter -->
<testsuite ignored="5" hostname="DESKTOP-OPMIS4N" failures="0" tests="3" name="Test" time="0.123" errors="0" timestamp="2022-07-10T19:10:11 IST">
  <testcase classname="GrupingTestNG.MyClass2" name="p" time="0.023"/>
  <testcase classname="GrupingTestNG.MyClass2" name="r" time="0.004"/>
  <testcase classname="GrupingTestNG.MyClass1" name="c" time="0.002"/>
  <testcase classname="GrupingTestNG.MyClass2" name="s" time="0.0">
    <ignored/>
  </testcase> <!-- s -->
  <testcase classname="GrupingTestNG.MyClass1" name="b" time="0.0">
    <ignored/>
  </testcase> <!-- b -->
  <testcase classname="GrupingTestNG.MyClass1" name="a" time="0.0">
    <ignored/>
  </testcase> <!-- a -->
  <testcase classname="GrupingTestNG.MyClass2" name="q" time="0.0">
    <ignored/>
  </testcase> <!-- q -->
  <testcase classname="GrupingTestNG.MyClass1" name="d" time="0.0">
    <ignored/>
  </testcase> <!-- d -->
</testsuite> <!-- Test -->
