<?xml version="1.0" encoding="UTF-8"?>
<!-- Generated by org.testng.reporters.JUnitXMLReporter -->
<testsuite ignored="0" hostname="DESKTOP-OPMIS4N" failures="0" tests="1" name="Testfirfox" time="21.554" errors="0" timestamp="2022-07-06T16:40:43 IST">
  <testcase classname="crossBrowserTestNG.ValidateUserIDCrossBrowser" name="@BeforeMethod loginToKiteApp" time="0.003">
    <failure type="java.lang.NullPointerException">
      <![CDATA[java.lang.NullPointerException
at org.openqa.selenium.support.pagefactory.DefaultElementLocator.findElement(DefaultElementLocator.java:70)
at org.openqa.selenium.support.pagefactory.internal.LocatingElementHandler.invoke(LocatingElementHandler.java:39)
at com.sun.proxy.$Proxy21.sendKeys(Unknown Source)
at KitePOMusingExcel.KiteLoginPage.sendUserName(KiteLoginPage.java:29)
at crossBrowserTestNG.ValidateUserIDCrossBrowser.loginToKiteApp(ValidateUserIDCrossBrowser.java:52)
at java.base/java.util.ArrayList.forEach(ArrayList.java:1541)
... Removed 31 stack frames]]>
    </failure>
  </testcase> <!-- @BeforeMethod loginToKiteApp -->
  <testcase classname="crossBrowserTestNG.ValidateUserIDCrossBrowser" name="@AfterMethod logOutFromKite" time="-1.657105843886E9">
    <skipped/>
  </testcase> <!-- @AfterMethod logOutFromKite -->
  <testcase classname="crossBrowserTestNG.ValidateUserIDCrossBrowser" name="@AfterClass closeBrowser" time="-1.657105843902E9">
    <skipped/>
  </testcase> <!-- @AfterClass closeBrowser -->
  <testcase classname="crossBrowserTestNG.ValidateUserIDCrossBrowser" name="validateUserID" time="0.0">
    <skipped/>
  </testcase> <!-- validateUserID -->
</testsuite> <!-- Testfirfox -->
