<?xml version="1.0" encoding="UTF-8"?>
<testng-results ignored="0" total="2" passed="2" failed="0" skipped="0">
  <reporter-output>
  </reporter-output>
  <suite started-at="2022-07-12T14:11:21 IST" name="Suite" finished-at="2022-07-12T14:12:19 IST" duration-ms="57378">
    <groups>
    </groups>
    <test started-at="2022-07-12T14:11:21 IST" name="ChromeTest" finished-at="2022-07-12T14:12:15 IST" duration-ms="53723">
      <class name="CrossBrowserTest.CrossBrowserTesting">
        <test-method signature="varsha()[pri:0, instance:CrossBrowserTest.CrossBrowserTesting@1a942c18]" started-at="2022-07-12T14:11:21 IST" name="varsha" finished-at="2022-07-12T14:12:15 IST" duration-ms="53614" status="PASS">
          <reporter-output>
          </reporter-output>
        </test-method> <!-- varsha -->
      </class> <!-- CrossBrowserTest.CrossBrowserTesting -->
    </test> <!-- ChromeTest -->
    <test started-at="2022-07-12T14:11:21 IST" name="FirefoxTest" finished-at="2022-07-12T14:12:19 IST" duration-ms="57378">
      <class name="CrossBrowserTest.CrossBrowserTesting">
        <test-method signature="varsha()[pri:0, instance:CrossBrowserTest.CrossBrowserTesting@3c7f66c4]" started-at="2022-07-12T14:11:21 IST" name="varsha" finished-at="2022-07-12T14:12:19 IST" duration-ms="57278" status="PASS">
          <reporter-output>
          </reporter-output>
        </test-method> <!-- varsha -->
      </class> <!-- CrossBrowserTest.CrossBrowserTesting -->
    </test> <!-- FirefoxTest -->
  </suite> <!-- Suite -->
</testng-results>
